This is pdfTeX, Version 3.14159265-2.6-1.40.20 (TeX Live 2019/W32TeX) (preloaded format=pdflatex 2019.5.8)  14 MAY 2019 18:06
entering extended mode
 restricted \write18 enabled.
 file:line:error style messages enabled.
 %&-line parsing enabled.
**c:/Users/mario/AngryBirdsITT_MSC_Thesis/IEEE_ConferenceOnGames/article_english.tex
(c:/Users/mario/AngryBirdsITT_MSC_Thesis/IEEE_ConferenceOnGames/article_english.tex
LaTeX2e <2018-12-01>

! LaTeX Error: File `IEEEtran.cls' not found.

Type X to quit or <RETURN> to proceed,
or enter new name. (Default extension: cls)

Enter file name: 
c:/Users/mario/AngryBirdsITT_MSC_Thesis/IEEE_ConferenceOnGames/article_english.tex:2: Emergency stop.
<read *> 
         
l.2 \IEEEoverridecommandlockouts
                                ^^M
*** (cannot \read from terminal in nonstop modes)

 
Here is how much of TeX's memory you used:
 12 strings out of 493724
 504 string characters out of 6153332
 54610 words of memory out of 5000000
 3857 multiletter control sequences out of 15000+600000
 3640 words of font info for 14 fonts, out of 8000000 for 9000
 430 hyphenation exceptions out of 8191
 10i,0n,8p,131b,8s stack positions out of 5000i,500n,10000p,200000b,80000s
c:/Users/mario/AngryBirdsITT_MSC_Thesis/IEEE_ConferenceOnGames/article_english.tex:2:  ==> Fatal error occurred, no output PDF file produced!
